-------------------------------------------------------------------------------
Test set: com.segunmo.easytodialchecker.AlphanumericEasyToDialCheckerTest
-------------------------------------------------------------------------------
Tests run: 1, Failures: 1, Errors: 0, Skipped: 0, Time elapsed: 0 s <<< FAILURE! - in com.segunmo.easytodialchecker.AlphanumericEasyToDialCheckerTest
testEasyToDial  Time elapsed: 0 s  <<< FAILURE!
org.opentest4j.AssertionFailedError: expected: <true> but was: <false>
	at com.segunmo.easytodialchecker.AlphanumericEasyToDialCheckerTest.testEasyToDial(AlphanumericEasyToDialCheckerTest.java:13)

